<?xml version="1.0" encoding="UTF-8"?>
<!-- Generated by org.testng.reporters.JUnitReportReporter -->
<testsuite hostname="OnursPC" failures="0" tests="2" name="com.tn.qa.testcases.TN_SearchProduct" time="23.185" errors="0" timestamp="2023-07-05T23:52:52 EDT" skipped="0">
  <testcase classname="com.tn.qa.testcases.TN_SearchProduct" name="searchWithInvalidProduct" time="11.518"/>
  <system-out/>
  <testcase classname="com.tn.qa.testcases.TN_SearchProduct" name="verifySearchWithoutProduct" time="11.667"/>
  <system-out/>
</testsuite> <!-- com.tn.qa.testcases.TN_SearchProduct -->
