<?xml version="1.0" encoding="UTF-8"?>
<!-- Generated by org.testng.reporters.JUnitReportReporter -->
<testsuite hostname="OnursPC" failures="0" tests="2" name="com.tn.qa.testcases.TN_SearchProduct" time="25.092" errors="0" timestamp="2023-07-06T22:59:41 EDT" skipped="0">
  <testcase classname="com.tn.qa.testcases.TN_SearchProduct" name="searchWithInvalidProduct" time="12.599"/>
  <system-out/>
  <testcase classname="com.tn.qa.testcases.TN_SearchProduct" name="verifySearchWithoutProduct" time="12.493"/>
  <system-out/>
</testsuite> <!-- com.tn.qa.testcases.TN_SearchProduct -->
