<?xml version="1.0" encoding="UTF-8"?>
<!-- Generated by org.testng.reporters.JUnitReportReporter -->
<testsuite hostname="OnursPC" failures="0" tests="2" name="com.tn.qa.testcases.TN_Registration" time="15.479" errors="0" timestamp="2023-07-06T22:59:41 EDT" skipped="1">
  <testcase classname="com.tn.qa.testcases.TN_Registration" name="registerAccountWithExistingEmail" time="15.479"/>
  <system-out/>
  <testcase classname="com.tn.qa.testcases.TN_Registration" name="registerWithMandatoryFields">
    <skipped/>
  </testcase> <!-- registerWithMandatoryFields -->
  <system-out/>
</testsuite> <!-- com.tn.qa.testcases.TN_Registration -->
